scripts/Bootstrapper.hs:9:3-21: Splicing declarations
    bootstrap allErrors
  ======>
    instance ErrorCode plutus-core-0.1.0.0:Language.PlutusCore.DeBruijn.Internal.FreeVariableError where
      errorCode
        plutus-core-0.1.0.0:Language.PlutusCore.DeBruijn.Internal.FreeIndex {}
        = 23
      errorCode
        plutus-core-0.1.0.0:Language.PlutusCore.DeBruijn.Internal.FreeUnique {}
        = 22
      errorCode _ = 0
    instance ErrorCode (Language.PlutusCore.Error.InternalTypeError _a2_acYI _a1_acYH) where
      errorCode Language.PlutusCore.Error.OpenTypeOfBuiltin {} = 18
      errorCode _ = 0
    instance ErrorCode (Language.PlutusCore.Error.NormCheckError _a4_acYM _a3_acYL _a2_acYK _a1_acYJ) where
      errorCode Language.PlutusCore.Error.BadTerm {} = 14
      errorCode Language.PlutusCore.Error.BadType {} = 13
      errorCode _ = 0
    instance ErrorCode (Language.PlutusCore.Error.ParseError _a1_acYN) where
      errorCode Language.PlutusCore.Error.InvalidBuiltinConstant {} = 10
      errorCode Language.PlutusCore.Error.UnknownBuiltinFunction {} = 9
      errorCode Language.PlutusCore.Error.UnknownBuiltinType {} = 8
      errorCode Language.PlutusCore.Error.Unexpected {} = 7
      errorCode Language.PlutusCore.Error.LexErr {} = 6
      errorCode _ = 0
    instance ErrorCode (Language.PlutusCore.Error.TypeError _a3_acYQ _a2_acYP _a1_acYO) where
      errorCode Language.PlutusCore.Error.FreeVariableE {} = 20
      errorCode Language.PlutusCore.Error.FreeTypeVariableE {} = 19
      errorCode Language.PlutusCore.Error.TypeMismatch {} = 16
      errorCode Language.PlutusCore.Error.KindMismatch {} = 15
      errorCode _ = 0
    instance ErrorCode (Language.PlutusCore.Error.UniqueError _a1_acYR) where
      errorCode Language.PlutusCore.Error.FreeVariable {} = 21
      errorCode Language.PlutusCore.Error.IncoherentUsage {} = 12
      errorCode Language.PlutusCore.Error.MultiplyDefined {} = 11
      errorCode _ = 0
    instance ErrorCode Language.PlutusCore.Error.UnknownDynamicBuiltinNameError where
      errorCode
        Language.PlutusCore.Error.UnknownDynamicBuiltinNameErrorE {}
        = 17
      errorCode _ = 0
    instance ErrorCode Language.PlutusCore.Evaluation.Machine.Cek.CekUserError where
      errorCode
        Language.PlutusCore.Evaluation.Machine.Cek.CekEvaluationFailure {}
        = 37
      errorCode
        Language.PlutusCore.Evaluation.Machine.Cek.CekOutOfExError {}
        = 36
      errorCode _ = 0
    instance ErrorCode (Language.PlutusCore.Evaluation.Machine.Exception.ConstAppError _a1_acYS) where
      errorCode
        Language.PlutusCore.Evaluation.Machine.Exception.TooManyArgumentsConstAppError {}
        = 29
      errorCode
        Language.PlutusCore.Evaluation.Machine.Exception.TooFewArgumentsConstAppError {}
        = 28
      errorCode _ = 0
    instance ErrorCode (Language.PlutusCore.Evaluation.Machine.Exception.MachineError _a2_acYU _a1_acYT) where
      errorCode
        Language.PlutusCore.Evaluation.Machine.Exception.OtherMachineError {}
        = 35
      errorCode
        Language.PlutusCore.Evaluation.Machine.Exception.EmptyBuiltinArityMachineError {}
        = 34
      errorCode
        Language.PlutusCore.Evaluation.Machine.Exception.UnexpectedBuiltinTermArgumentMachineError {}
        = 33
      errorCode
        Language.PlutusCore.Evaluation.Machine.Exception.BuiltinTermArgumentExpectedMachineError {}
        = 32
      errorCode
        Language.PlutusCore.Evaluation.Machine.Exception.ConstAppMachineError {}
        = 31
      errorCode
        Language.PlutusCore.Evaluation.Machine.Exception.OpenTermEvaluatedMachineError {}
        = 27
      errorCode
        Language.PlutusCore.Evaluation.Machine.Exception.NonFunctionalApplicationMachineError {}
        = 26
      errorCode
        Language.PlutusCore.Evaluation.Machine.Exception.NonWrapUnwrappedMachineError {}
        = 25
      errorCode
        Language.PlutusCore.Evaluation.Machine.Exception.NonPolymorphicInstantiationMachineError {}
        = 24
      errorCode _ = 0
    instance ErrorCode Language.PlutusCore.Evaluation.Machine.Exception.UnliftingError where
      errorCode
        Language.PlutusCore.Evaluation.Machine.Exception.UnliftingErrorE {}
        = 30
      errorCode _ = 0
    instance ErrorCode (Language.PlutusIR.Error.Error _a2_acYW _a1_acYV) where
      errorCode Language.PlutusIR.Error.UnsupportedError {} = 3
      errorCode Language.PlutusIR.Error.CompilationError {} = 2
      errorCode _ = 0
    instance ErrorCode (Language.PlutusIR.Error.TypeErrorExt _a2_acYY _a1_acYX) where
      errorCode Language.PlutusIR.Error.MalformedDataConstrResType {} = 1
      errorCode _ = 0
    instance ErrorCode Language.PlutusIR.Parser.ParseError where
      errorCode Language.PlutusIR.Parser.InternalError {} = 5
      errorCode Language.PlutusIR.Parser.UnexpectedKeyword {} = 4
      errorCode _ = 0
    instance ErrorCode Language.UntypedPlutusCore.Evaluation.Machine.Cek.CekUserError where
      errorCode
        Language.UntypedPlutusCore.Evaluation.Machine.Cek.CekEvaluationFailure {}
        = 39
      errorCode
        Language.UntypedPlutusCore.Evaluation.Machine.Cek.CekOutOfExError {}
        = 38
      errorCode _ = 0
    instance ErrorCode AllErrors.DeprecatedErrors where
      errorCode AllErrors.ReservedErrorCode {} = 44
      errorCode _ = 0
    instance ErrorCode Language.PlutusTx.Code.ImpossibleDeserialisationFailure where
      errorCode
        Language.PlutusTx.Code.ImpossibleDeserialisationFailure {}
        = 40
      errorCode _ = 0
    instance ErrorCode (Language.PlutusTx.Compiler.Error.Error _a2_acZ0 _a1_acYZ) where
      errorCode Language.PlutusTx.Compiler.Error.FreeVariableError {}
        = 43
      errorCode Language.PlutusTx.Compiler.Error.UnsupportedError {} = 42
      errorCode Language.PlutusTx.Compiler.Error.CompilationError {} = 41
      errorCode _ = 0
